This is pdfTeX, Version 3.14159265-2.6-1.40.21 (TeX Live 2020) (preloaded format=pdflatex 2020.4.7)  30 OCT 2021 09:09
entering extended mode
 restricted \write18 enabled.
 %&-line parsing enabled.
**midterm2.tex
(./midterm2.tex
LaTeX2e <2020-02-02> patch level 5
L3 programming layer <2020-03-06>
(/usr/local/texlive/2020/texmf-dist/tex/latex/base/article.cls
Document Class: article 2019/12/20 v1.4l Standard LaTeX document class
(/usr/local/texlive/2020/texmf-dist/tex/latex/base/size12.clo
File: size12.clo 2019/12/20 v1.4l Standard LaTeX file (size option)
)
\c@part=\count167
\c@section=\count168
\c@subsection=\count169
\c@subsubsection=\count170
\c@paragraph=\count171
\c@subparagraph=\count172
\c@figure=\count173
\c@table=\count174
\abovecaptionskip=\skip47
\belowcaptionskip=\skip48
\bibindent=\dimen134
)
(/usr/local/texlive/2020/texmf-dist/tex/latex/geometry/geometry.sty
Package: geometry 2020/01/02 v5.9 Page Geometry

(/usr/local/texlive/2020/texmf-dist/tex/latex/graphics/keyval.sty
Package: keyval 2014/10/28 v1.15 key=value parser (DPC)
\KV@toks@=\toks15
)
(/usr/local/texlive/2020/texmf-dist/tex/generic/iftex/ifvtex.sty
Package: ifvtex 2019/10/25 v1.7 ifvtex legacy package. Use iftex instead.

(/usr/local/texlive/2020/texmf-dist/tex/generic/iftex/iftex.sty
Package: iftex 2020/03/06 v1.0d TeX engine tests
))
\Gm@cnth=\count175
\Gm@cntv=\count176
\c@Gm@tempcnt=\count177
\Gm@bindingoffset=\dimen135
\Gm@wd@mp=\dimen136
\Gm@odd@mp=\dimen137
\Gm@even@mp=\dimen138
\Gm@layoutwidth=\dimen139
\Gm@layoutheight=\dimen140
\Gm@layouthoffset=\dimen141
\Gm@layoutvoffset=\dimen142
\Gm@dimlist=\toks16
)
(/usr/local/texlive/2020/texmf-dist/tex/latex/setspace/setspace.sty
Package: setspace 2011/12/19 v6.7a set line spacing
)
(/usr/local/texlive/2020/texmf-dist/tex/latex/l3backend/l3backend-pdfmode.def
File: l3backend-pdfmode.def 2020-03-12 L3 backend support: PDF mode
\l__kernel_color_stack_int=\count178
\l__pdf_internal_box=\box45
)
(./midterm2.aux)
\openout1 = `midterm2.aux'.

LaTeX Font Info:    Checking defaults for OML/cmm/m/it on input line 7.
LaTeX Font Info:    ... okay on input line 7.
LaTeX Font Info:    Checking defaults for OMS/cmsy/m/n on input line 7.
LaTeX Font Info:    ... okay on input line 7.
LaTeX Font Info:    Checking defaults for OT1/cmr/m/n on input line 7.
LaTeX Font Info:    ... okay on input line 7.
LaTeX Font Info:    Checking defaults for T1/cmr/m/n on input line 7.
LaTeX Font Info:    ... okay on input line 7.
LaTeX Font Info:    Checking defaults for TS1/cmr/m/n on input line 7.
LaTeX Font Info:    ... okay on input line 7.
LaTeX Font Info:    Checking defaults for OMX/cmex/m/n on input line 7.
LaTeX Font Info:    ... okay on input line 7.
LaTeX Font Info:    Checking defaults for U/cmr/m/n on input line 7.
LaTeX Font Info:    ... okay on input line 7.

*geometry* driver: auto-detecting
*geometry* detected driver: pdftex
*geometry* verbose mode - [ preamble ] result:
* driver: pdftex
* paper: <default>
* layout: <same size as paper>
* layoutoffset:(h,v)=(0.0pt,0.0pt)
* modes: 
* h-part:(L,W,R)=(71.13188pt, 472.03123pt, 71.13188pt)
* v-part:(T,H,B)=(56.9055pt, 681.15898pt, 56.9055pt)
* \paperwidth=614.295pt
* \paperheight=794.96999pt
* \textwidth=472.03123pt
* \textheight=681.15898pt
* \oddsidemargin=-1.1381pt
* \evensidemargin=-1.1381pt
* \topmargin=-52.36449pt
* \headheight=12.0pt
* \headsep=25.0pt
* \topskip=12.0pt
* \footskip=30.0pt
* \marginparwidth=49.79231pt
* \marginparsep=10.0pt
* \columnsep=10.0pt
* \skip\footins=10.8pt plus 4.0pt minus 2.0pt
* \hoffset=0.0pt
* \voffset=0.0pt
* \mag=1000
* \@twocolumnfalse
* \@twosidefalse
* \@mparswitchfalse
* \@reversemarginfalse
* (1in=72.27pt=25.4mm, 1cm=28.453pt)

LaTeX Font Info:    External font `cmex10' loaded for size
(Font)              <12> on input line 12.
LaTeX Font Info:    External font `cmex10' loaded for size
(Font)              <8> on input line 12.
LaTeX Font Info:    External font `cmex10' loaded for size
(Font)              <6> on input line 12.
[1

{/usr/local/texlive/2020/texmf-var/fonts/map/pdftex/updmap/pdftex.map}]
[2] [3] [4] (./midterm2.aux) )
(\end occurred inside a group at level 1)

### semi simple group (level 1) entered at line 5 (\begingroup)
### bottom level 
Here is how much of TeX's memory you used:
 957 strings out of 480608
 14877 string characters out of 5903631
 255634 words of memory out of 5000000
 16902 multiletter control sequences out of 15000+600000
 535740 words of font info for 35 fonts, out of 8000000 for 9000
 1141 hyphenation exceptions out of 8191
 30i,4n,25p,211b,281s stack positions out of 5000i,500n,10000p,200000b,80000s
</usr/local/texlive/2020/texmf-dist/fonts/type1/public/amsfonts
/cm/cmbx12.pfb></usr/local/texlive/2020/texmf-dist/fonts/type1/public/amsfonts/
cm/cmbxti10.pfb></usr/local/texlive/2020/texmf-dist/fonts/type1/public/amsfonts
/cm/cmex10.pfb></usr/local/texlive/2020/texmf-dist/fonts/type1/public/amsfonts/
cm/cmmi12.pfb></usr/local/texlive/2020/texmf-dist/fonts/type1/public/amsfonts/c
m/cmmi8.pfb></usr/local/texlive/2020/texmf-dist/fonts/type1/public/amsfonts/cm/
cmr12.pfb></usr/local/texlive/2020/texmf-dist/fonts/type1/public/amsfonts/cm/cm
r6.pfb></usr/local/texlive/2020/texmf-dist/fonts/type1/public/amsfonts/cm/cmr8.
pfb></usr/local/texlive/2020/texmf-dist/fonts/type1/public/amsfonts/cm/cmsy10.p
fb></usr/local/texlive/2020/texmf-dist/fonts/type1/public/amsfonts/cm/cmsy8.pfb
>
Output written on midterm2.pdf (4 pages, 94574 bytes).
PDF statistics:
 57 PDF objects out of 1000 (max. 8388607)
 40 compressed objects within 1 object stream
 0 named destinations out of 1000 (max. 500000)
 1 words of extra memory for PDF output out of 10000 (max. 10000000)

